app/build/intermediates/manifest_merge_blame_file/debug/manifest-merger-blame-debug-report.txt
1<?xml version="1.0" encoding="utf-8"?>
2<manifest xmlns:android="http://schemas.android.com/apk/res/android"
3    package="edu.monash.fit5046.healthyrecipehub"
4    android:versionCode="1"
5    android:versionName="1.0.0" >
6
7    <uses-sdk
8        android:minSdkVersion="24"
9        android:targetSdkVersion="34" />
10
11    <!-- Internet Permissions -->
12    <uses-permission android:name="android.permission.INTERNET" />
12-->src\main\AndroidManifest.xml:6:5-67
12-->src\main\AndroidManifest.xml:6:22-64
13    <uses-permission android:name="android.permission.ACCESS_NETWORK_STATE" />
13-->src\main\AndroidManifest.xml:7:5-79
13-->src\main\AndroidManifest.xml:7:22-76
14
15    <!-- Location Permissions -->
16    <uses-permission android:name="android.permission.ACCESS_FINE_LOCATION" />
16-->src\main\AndroidManifest.xml:10:5-79
16-->src\main\AndroidManifest.xml:10:22-76
17    <uses-permission android:name="android.permission.ACCESS_COARSE_LOCATION" />
17-->src\main\AndroidManifest.xml:11:5-81
17-->src\main\AndroidManifest.xml:11:22-78
18
19    <!-- Camera and Storage -->
20    <uses-permission android:name="android.permission.CAMERA" />
20-->src\main\AndroidManifest.xml:14:5-65
20-->src\main\AndroidManifest.xml:14:22-62
21    <uses-permission
21-->src\main\AndroidManifest.xml:15:5-107
22        android:name="android.permission.READ_EXTERNAL_STORAGE"
22-->src\main\AndroidManifest.xml:15:22-77
23        android:maxSdkVersion="32" />
23-->src\main\AndroidManifest.xml:15:78-104
24    <uses-permission
24-->src\main\AndroidManifest.xml:16:5-108
25        android:name="android.permission.WRITE_EXTERNAL_STORAGE"
25-->src\main\AndroidManifest.xml:16:22-78
26        android:maxSdkVersion="32" />
26-->src\main\AndroidManifest.xml:16:79-105
27    <uses-permission android:name="android.permission.READ_MEDIA_IMAGES" />
27-->src\main\AndroidManifest.xml:17:5-76
27-->src\main\AndroidManifest.xml:17:22-73
28
29    <!-- Notifications -->
30    <uses-permission android:name="android.permission.POST_NOTIFICATIONS" />
30-->src\main\AndroidManifest.xml:20:5-77
30-->src\main\AndroidManifest.xml:20:22-74
31    <uses-permission android:name="android.permission.RECEIVE_BOOT_COMPLETED" />
31-->src\main\AndroidManifest.xml:21:5-81
31-->src\main\AndroidManifest.xml:21:22-78
32
33    <!-- Hardware Features -->
34    <uses-feature
34-->src\main\AndroidManifest.xml:24:5-85
35        android:name="android.hardware.camera"
35-->src\main\AndroidManifest.xml:24:19-57
36        android:required="false" />
36-->src\main\AndroidManifest.xml:24:58-82
37    <uses-feature
37-->src\main\AndroidManifest.xml:25:5-91
38        android:name="android.hardware.location.gps"
38-->src\main\AndroidManifest.xml:25:19-63
39        android:required="false" />
39-->src\main\AndroidManifest.xml:25:64-88
40    <uses-feature
40-->src\main\AndroidManifest.xml:26:5-90
41        android:name="android.hardware.fingerprint"
41-->src\main\AndroidManifest.xml:26:19-62
42        android:required="false" />
42-->src\main\AndroidManifest.xml:26:63-87
43
44    <uses-permission android:name="android.permission.USE_BIOMETRIC" /> <!-- suppress DeprecatedClassUsageInspection -->
44-->[androidx.biometric:biometric:1.1.0] AndroidManifest.xml:24:5-72
44-->[androidx.biometric:biometric:1.1.0] AndroidManifest.xml:24:22-69
45    <uses-permission android:name="android.permission.USE_FINGERPRINT" />
45-->[androidx.biometric:biometric:1.1.0] AndroidManifest.xml:27:5-74
45-->[androidx.biometric:biometric:1.1.0] AndroidManifest.xml:27:22-71
46    <uses-permission android:name="android.permission.WAKE_LOCK" /> <!-- Required by older versions of Google Play services to create IID tokens -->
46-->[com.google.firebase:firebase-messaging:23.4.1] AndroidManifest.xml:24:5-68
46-->[com.google.firebase:firebase-messaging:23.4.1] AndroidManifest.xml:24:22-65
47    <uses-permission android:name="com.google.android.c2dm.permission.RECEIVE" />
47-->[com.google.firebase:firebase-messaging:23.4.1] AndroidManifest.xml:26:5-82
47-->[com.google.firebase:firebase-messaging:23.4.1] AndroidManifest.xml:26:22-79
48    <uses-permission android:name="com.google.android.providers.gsf.permission.READ_GSERVICES" />
48-->[com.google.android.recaptcha:recaptcha:18.4.0] AndroidManifest.xml:9:5-98
48-->[com.google.android.recaptcha:recaptcha:18.4.0] AndroidManifest.xml:9:22-95
49    <uses-permission android:name="android.permission.FOREGROUND_SERVICE" />
49-->[androidx.work:work-runtime:2.9.0] AndroidManifest.xml:26:5-77
49-->[androidx.work:work-runtime:2.9.0] AndroidManifest.xml:26:22-74
50
51    <uses-feature
51-->[com.mapbox.maps:android-core:10.16.1] AndroidManifest.xml:10:5-12:35
52        android:glEsVersion="0x00020000"
52-->[com.mapbox.maps:android-core:10.16.1] AndroidManifest.xml:11:9-41
53        android:required="true" />
53-->[com.mapbox.maps:android-core:10.16.1] AndroidManifest.xml:12:9-32
54    <uses-feature
54-->[com.mapbox.maps:android-core:10.16.1] AndroidManifest.xml:13:5-15:36
55        android:name="android.hardware.wifi"
55-->[com.mapbox.maps:android-core:10.16.1] AndroidManifest.xml:14:9-45
56        android:required="false" />
56-->[com.mapbox.maps:android-core:10.16.1] AndroidManifest.xml:15:9-33
57
58    <uses-permission android:name="android.permission.ACCESS_WIFI_STATE" />
58-->[com.mapbox.maps:android-core:10.16.1] AndroidManifest.xml:19:5-76
58-->[com.mapbox.maps:android-core:10.16.1] AndroidManifest.xml:19:22-73
59
60    <permission
60-->[androidx.core:core:1.12.0] AndroidManifest.xml:22:5-24:47
61        android:name="edu.monash.fit5046.healthyrecipehub.DYNAMIC_RECEIVER_NOT_EXPORTED_PERMISSION"
61-->[androidx.core:core:1.12.0] AndroidManifest.xml:23:9-81
62        android:protectionLevel="signature" />
62-->[androidx.core:core:1.12.0] AndroidManifest.xml:24:9-44
63
64    <uses-permission android:name="edu.monash.fit5046.healthyrecipehub.DYNAMIC_RECEIVER_NOT_EXPORTED_PERMISSION" />
64-->[androidx.core:core:1.12.0] AndroidManifest.xml:26:5-97
64-->[androidx.core:core:1.12.0] AndroidManifest.xml:26:22-94
65
66    <application
66-->src\main\AndroidManifest.xml:28:5-109:19
67        android:name="edu.monash.fit5046.healthyrecipehub.HealthyRecipeHubApplication"
67-->src\main\AndroidManifest.xml:29:9-52
68        android:allowBackup="true"
68-->src\main\AndroidManifest.xml:30:9-35
69        android:appComponentFactory="androidx.core.app.CoreComponentFactory"
69-->[androidx.core:core:1.12.0] AndroidManifest.xml:28:18-86
70        android:dataExtractionRules="@xml/data_extraction_rules"
70-->src\main\AndroidManifest.xml:31:9-65
71        android:debuggable="true"
72        android:extractNativeLibs="false"
73        android:fullBackupContent="@xml/backup_rules"
73-->src\main\AndroidManifest.xml:32:9-54
74        android:icon="@mipmap/ic_launcher"
74-->src\main\AndroidManifest.xml:33:9-43
75        android:label="@string/app_name"
75-->src\main\AndroidManifest.xml:34:9-41
76        android:networkSecurityConfig="@xml/network_security_config"
76-->src\main\AndroidManifest.xml:39:9-69
77        android:roundIcon="@mipmap/ic_launcher_round"
77-->src\main\AndroidManifest.xml:35:9-54
78        android:supportsRtl="true"
78-->src\main\AndroidManifest.xml:36:9-35
79        android:testOnly="true"
80        android:theme="@style/Theme.HealthyRecipeHub"
80-->src\main\AndroidManifest.xml:37:9-54
81        android:usesCleartextTraffic="true" >
81-->src\main\AndroidManifest.xml:38:9-44
82
83        <!-- Auth Activity (Launcher) -->
84        <activity
84-->src\main\AndroidManifest.xml:43:9-52:20
85            android:name="edu.monash.fit5046.healthyrecipehub.ui.auth.AuthActivity"
85-->src\main\AndroidManifest.xml:44:13-49
86            android:exported="true"
86-->src\main\AndroidManifest.xml:45:13-36
87            android:screenOrientation="portrait"
87-->src\main\AndroidManifest.xml:46:13-49
88            android:windowSoftInputMode="adjustResize" >
88-->src\main\AndroidManifest.xml:47:13-55
89            <intent-filter>
89-->src\main\AndroidManifest.xml:48:13-51:29
90                <action android:name="android.intent.action.MAIN" />
90-->src\main\AndroidManifest.xml:49:17-69
90-->src\main\AndroidManifest.xml:49:25-66
91
92                <category android:name="android.intent.category.LAUNCHER" />
92-->src\main\AndroidManifest.xml:50:17-77
92-->src\main\AndroidManifest.xml:50:27-74
93            </intent-filter>
94        </activity>
95
96        <!-- Main Activity -->
97        <activity
97-->src\main\AndroidManifest.xml:55:9-69:20
98            android:name="edu.monash.fit5046.healthyrecipehub.ui.main.MainActivity"
98-->src\main\AndroidManifest.xml:56:13-49
99            android:exported="true"
99-->src\main\AndroidManifest.xml:57:13-36
100            android:launchMode="singleTask"
100-->src\main\AndroidManifest.xml:58:13-44
101            android:screenOrientation="portrait"
101-->src\main\AndroidManifest.xml:59:13-49
102            android:theme="@style/Theme.HealthyRecipeHub.NoActionBar" >
102-->src\main\AndroidManifest.xml:60:13-70
103
104            <!-- Deep Links -->
105            <intent-filter android:autoVerify="true" >
105-->src\main\AndroidManifest.xml:62:13-68:29
105-->src\main\AndroidManifest.xml:62:28-53
106                <action android:name="android.intent.action.VIEW" />
106-->src\main\AndroidManifest.xml:63:17-69
106-->src\main\AndroidManifest.xml:63:25-66
107
108                <category android:name="android.intent.category.DEFAULT" />
108-->src\main\AndroidManifest.xml:64:17-76
108-->src\main\AndroidManifest.xml:64:27-73
109                <category android:name="android.intent.category.BROWSABLE" />
109-->src\main\AndroidManifest.xml:65:17-78
109-->src\main\AndroidManifest.xml:65:27-75
110
111                <data
111-->src\main\AndroidManifest.xml:66:17-84
112                    android:host="healthyrecipehub.com"
112-->src\main\AndroidManifest.xml:66:46-81
113                    android:scheme="https" />
113-->src\main\AndroidManifest.xml:66:23-45
114                <data android:scheme="healthrecipehub" />
114-->src\main\AndroidManifest.xml:66:17-84
114-->src\main\AndroidManifest.xml:66:23-45
115            </intent-filter>
116        </activity>
117
118        <!-- Recipe Detail Activity -->
119        <activity
119-->src\main\AndroidManifest.xml:72:9-76:52
120            android:name="edu.monash.fit5046.healthyrecipehub.ui.recipe.RecipeDetailActivity"
120-->src\main\AndroidManifest.xml:73:13-59
121            android:exported="false"
121-->src\main\AndroidManifest.xml:74:13-37
122            android:parentActivityName="edu.monash.fit5046.healthyrecipehub.ui.main.MainActivity"
122-->src\main\AndroidManifest.xml:75:13-63
123            android:screenOrientation="portrait" />
123-->src\main\AndroidManifest.xml:76:13-49
124
125        <!-- Firebase Messaging Service -->
126        <service
126-->src\main\AndroidManifest.xml:79:9-85:19
127            android:name="edu.monash.fit5046.healthyrecipehub.service.FirebaseMessagingService"
127-->src\main\AndroidManifest.xml:80:13-61
128            android:exported="false" >
128-->src\main\AndroidManifest.xml:81:13-37
129            <intent-filter>
129-->src\main\AndroidManifest.xml:82:13-84:29
130                <action android:name="com.google.firebase.MESSAGING_EVENT" />
130-->src\main\AndroidManifest.xml:83:17-78
130-->src\main\AndroidManifest.xml:83:25-75
131            </intent-filter>
132        </service>
133
134        <!-- File Provider -->
135        <provider
136            android:name="androidx.core.content.FileProvider"
136-->src\main\AndroidManifest.xml:89:13-62
137            android:authorities="edu.monash.fit5046.healthyrecipehub.fileprovider"
137-->src\main\AndroidManifest.xml:90:13-64
138            android:exported="false"
138-->src\main\AndroidManifest.xml:91:13-37
139            android:grantUriPermissions="true" >
139-->src\main\AndroidManifest.xml:92:13-47
140            <meta-data
140-->src\main\AndroidManifest.xml:93:13-95:54
141                android:name="android.support.FILE_PROVIDER_PATHS"
141-->src\main\AndroidManifest.xml:94:17-67
142                android:resource="@xml/file_paths" />
142-->src\main\AndroidManifest.xml:95:17-51
143        </provider>
144
145        <!-- WorkManager Initialization -->
146        <provider
147            android:name="androidx.startup.InitializationProvider"
147-->src\main\AndroidManifest.xml:100:13-67
148            android:authorities="edu.monash.fit5046.healthyrecipehub.androidx-startup"
148-->src\main\AndroidManifest.xml:101:13-68
149            android:exported="false" >
149-->src\main\AndroidManifest.xml:102:13-37
150            <meta-data
150-->src\main\AndroidManifest.xml:104:13-106:52
151                android:name="androidx.work.WorkManagerInitializer"
151-->src\main\AndroidManifest.xml:105:17-68
152                android:value="androidx.startup" />
152-->src\main\AndroidManifest.xml:106:17-49
153            <meta-data
153-->[com.mapbox.maps:android-core:10.16.1] AndroidManifest.xml:27:13-29:52
154                android:name="com.mapbox.maps.loader.MapboxMapsInitializer"
154-->[com.mapbox.maps:android-core:10.16.1] AndroidManifest.xml:28:17-76
155                android:value="androidx.startup" /> <!-- This entry makes MapboxSDKCommonInitializer discoverable. -->
155-->[com.mapbox.maps:android-core:10.16.1] AndroidManifest.xml:29:17-49
156            <meta-data
156-->[com.mapbox.common:common:23.8.3] AndroidManifest.xml:21:13-23:52
157                android:name="com.mapbox.common.MapboxSDKCommonInitializer"
157-->[com.mapbox.common:common:23.8.3] AndroidManifest.xml:22:17-76
158                android:value="androidx.startup" />
158-->[com.mapbox.common:common:23.8.3] AndroidManifest.xml:23:17-49
159            <meta-data
159-->[androidx.emoji2:emoji2:1.3.0] AndroidManifest.xml:29:13-31:52
160                android:name="androidx.emoji2.text.EmojiCompatInitializer"
160-->[androidx.emoji2:emoji2:1.3.0] AndroidManifest.xml:30:17-75
161                android:value="androidx.startup" />
161-->[androidx.emoji2:emoji2:1.3.0] AndroidManifest.xml:31:17-49
162            <meta-data
162-->[androidx.lifecycle:lifecycle-process:2.7.0] AndroidManifest.xml:29:13-31:52
163                android:name="androidx.lifecycle.ProcessLifecycleInitializer"
163-->[androidx.lifecycle:lifecycle-process:2.7.0] AndroidManifest.xml:30:17-78
164                android:value="androidx.startup" />
164-->[androidx.lifecycle:lifecycle-process:2.7.0] AndroidManifest.xml:31:17-49
165            <meta-data
165-->[androidx.profileinstaller:profileinstaller:1.3.1] AndroidManifest.xml:29:13-31:52
166                android:name="androidx.profileinstaller.ProfileInstallerInitializer"
166-->[androidx.profileinstaller:profileinstaller:1.3.1] AndroidManifest.xml:30:17-85
167                android:value="androidx.startup" />
167-->[androidx.profileinstaller:profileinstaller:1.3.1] AndroidManifest.xml:31:17-49
168        </provider>
169
170        <activity
170-->[androidx.compose.ui:ui-tooling-android:1.6.1] AndroidManifest.xml:23:9-25:39
171            android:name="androidx.compose.ui.tooling.PreviewActivity"
171-->[androidx.compose.ui:ui-tooling-android:1.6.1] AndroidManifest.xml:24:13-71
172            android:exported="true" />
172-->[androidx.compose.ui:ui-tooling-android:1.6.1] AndroidManifest.xml:25:13-36
173        <activity
173-->[com.google.android.gms:play-services-auth:20.7.0] AndroidManifest.xml:23:9-27:75
174            android:name="com.google.android.gms.auth.api.signin.internal.SignInHubActivity"
174-->[com.google.android.gms:play-services-auth:20.7.0] AndroidManifest.xml:24:13-93
175            android:excludeFromRecents="true"
175-->[com.google.android.gms:play-services-auth:20.7.0] AndroidManifest.xml:25:13-46
176            android:exported="false"
176-->[com.google.android.gms:play-services-auth:20.7.0] AndroidManifest.xml:26:13-37
177            android:theme="@android:style/Theme.Translucent.NoTitleBar" />
177-->[com.google.android.gms:play-services-auth:20.7.0] AndroidManifest.xml:27:13-72
178        <!--
179            Service handling Google Sign-In user revocation. For apps that do not integrate with
180            Google Sign-In, this service will never be started.
181        -->
182        <service
182-->[com.google.android.gms:play-services-auth:20.7.0] AndroidManifest.xml:33:9-37:51
183            android:name="com.google.android.gms.auth.api.signin.RevocationBoundService"
183-->[com.google.android.gms:play-services-auth:20.7.0] AndroidManifest.xml:34:13-89
184            android:exported="true"
184-->[com.google.android.gms:play-services-auth:20.7.0] AndroidManifest.xml:35:13-36
185            android:permission="com.google.android.gms.auth.api.signin.permission.REVOCATION_NOTIFICATION"
185-->[com.google.android.gms:play-services-auth:20.7.0] AndroidManifest.xml:36:13-107
186            android:visibleToInstantApps="true" />
186-->[com.google.android.gms:play-services-auth:20.7.0] AndroidManifest.xml:37:13-48
187        <service
187-->[com.google.firebase:firebase-auth-ktx:22.3.1] AndroidManifest.xml:8:9-14:19
188            android:name="com.google.firebase.components.ComponentDiscoveryService"
188-->[com.google.firebase:firebase-auth-ktx:22.3.1] AndroidManifest.xml:9:13-84
189            android:directBootAware="true"
189-->[com.google.firebase:firebase-common:20.4.2] AndroidManifest.xml:32:13-43
190            android:exported="false" >
190-->[com.google.firebase:firebase-auth-ktx:22.3.1] AndroidManifest.xml:10:13-37
191            <meta-data
191-->[com.google.firebase:firebase-auth-ktx:22.3.1] AndroidManifest.xml:11:13-13:85
192                android:name="com.google.firebase.components:com.google.firebase.auth.ktx.FirebaseAuthLegacyRegistrar"
192-->[com.google.firebase:firebase-auth-ktx:22.3.1] AndroidManifest.xml:12:17-119
193                android:value="com.google.firebase.components.ComponentRegistrar" />
193-->[com.google.firebase:firebase-auth-ktx:22.3.1] AndroidManifest.xml:13:17-82
194            <meta-data
194-->[com.google.firebase:firebase-auth:22.3.1] AndroidManifest.xml:69:13-71:85
195                android:name="com.google.firebase.components:com.google.firebase.auth.FirebaseAuthRegistrar"
195-->[com.google.firebase:firebase-auth:22.3.1] AndroidManifest.xml:70:17-109
196                android:value="com.google.firebase.components.ComponentRegistrar" />
196-->[com.google.firebase:firebase-auth:22.3.1] AndroidManifest.xml:71:17-82
197            <meta-data
197-->[com.google.firebase:firebase-storage-ktx:20.3.0] AndroidManifest.xml:12:13-14:85
198                android:name="com.google.firebase.components:com.google.firebase.storage.ktx.FirebaseStorageLegacyRegistrar"
198-->[com.google.firebase:firebase-storage-ktx:20.3.0] AndroidManifest.xml:13:17-125
199                android:value="com.google.firebase.components.ComponentRegistrar" />
199-->[com.google.firebase:firebase-storage-ktx:20.3.0] AndroidManifest.xml:14:17-82
200            <meta-data
200-->[com.google.firebase:firebase-storage:20.3.0] AndroidManifest.xml:30:13-32:85
201                android:name="com.google.firebase.components:com.google.firebase.storage.FirebaseStorageKtxRegistrar"
201-->[com.google.firebase:firebase-storage:20.3.0] AndroidManifest.xml:31:17-118
202                android:value="com.google.firebase.components.ComponentRegistrar" />
202-->[com.google.firebase:firebase-storage:20.3.0] AndroidManifest.xml:32:17-82
203            <meta-data
203-->[com.google.firebase:firebase-storage:20.3.0] AndroidManifest.xml:33:13-35:85
204                android:name="com.google.firebase.components:com.google.firebase.storage.StorageRegistrar"
204-->[com.google.firebase:firebase-storage:20.3.0] AndroidManifest.xml:34:17-107
205                android:value="com.google.firebase.components.ComponentRegistrar" />
205-->[com.google.firebase:firebase-storage:20.3.0] AndroidManifest.xml:35:17-82
206            <meta-data
206-->[com.google.firebase:firebase-firestore-ktx:24.10.2] AndroidManifest.xml:12:13-14:85
207                android:name="com.google.firebase.components:com.google.firebase.firestore.ktx.FirebaseFirestoreLegacyRegistrar"
207-->[com.google.firebase:firebase-firestore-ktx:24.10.2] AndroidManifest.xml:13:17-129
208                android:value="com.google.firebase.components.ComponentRegistrar" />
208-->[com.google.firebase:firebase-firestore-ktx:24.10.2] AndroidManifest.xml:14:17-82
209            <meta-data
209-->[com.google.firebase:firebase-firestore:24.10.2] AndroidManifest.xml:17:13-19:85
210                android:name="com.google.firebase.components:com.google.firebase.firestore.FirebaseFirestoreKtxRegistrar"
210-->[com.google.firebase:firebase-firestore:24.10.2] AndroidManifest.xml:18:17-122
211                android:value="com.google.firebase.components.ComponentRegistrar" />
211-->[com.google.firebase:firebase-firestore:24.10.2] AndroidManifest.xml:19:17-82
212            <meta-data
212-->[com.google.firebase:firebase-firestore:24.10.2] AndroidManifest.xml:20:13-22:85
213                android:name="com.google.firebase.components:com.google.firebase.firestore.FirestoreRegistrar"
213-->[com.google.firebase:firebase-firestore:24.10.2] AndroidManifest.xml:21:17-111
214                android:value="com.google.firebase.components.ComponentRegistrar" />
214-->[com.google.firebase:firebase-firestore:24.10.2] AndroidManifest.xml:22:17-82
215            <meta-data
215-->[com.google.firebase:firebase-messaging-ktx:23.4.1] AndroidManifest.xml:26:13-28:85
216                android:name="com.google.firebase.components:com.google.firebase.messaging.ktx.FirebaseMessagingLegacyRegistrar"
216-->[com.google.firebase:firebase-messaging-ktx:23.4.1] AndroidManifest.xml:27:17-129
217                android:value="com.google.firebase.components.ComponentRegistrar" />
217-->[com.google.firebase:firebase-messaging-ktx:23.4.1] AndroidManifest.xml:28:17-82
218            <meta-data
218-->[com.google.firebase:firebase-messaging:23.4.1] AndroidManifest.xml:57:13-59:85
219                android:name="com.google.firebase.components:com.google.firebase.messaging.FirebaseMessagingKtxRegistrar"
219-->[com.google.firebase:firebase-messaging:23.4.1] AndroidManifest.xml:58:17-122
220                android:value="com.google.firebase.components.ComponentRegistrar" />
220-->[com.google.firebase:firebase-messaging:23.4.1] AndroidManifest.xml:59:17-82
221            <meta-data
221-->[com.google.firebase:firebase-messaging:23.4.1] AndroidManifest.xml:60:13-62:85
222                android:name="com.google.firebase.components:com.google.firebase.messaging.FirebaseMessagingRegistrar"
222-->[com.google.firebase:firebase-messaging:23.4.1] AndroidManifest.xml:61:17-119
223                android:value="com.google.firebase.components.ComponentRegistrar" />
223-->[com.google.firebase:firebase-messaging:23.4.1] AndroidManifest.xml:62:17-82
224            <meta-data
224-->[com.google.firebase:firebase-appcheck:17.1.2] AndroidManifest.xml:25:13-27:85
225                android:name="com.google.firebase.components:com.google.firebase.appcheck.FirebaseAppCheckKtxRegistrar"
225-->[com.google.firebase:firebase-appcheck:17.1.2] AndroidManifest.xml:26:17-120
226                android:value="com.google.firebase.components.ComponentRegistrar" />
226-->[com.google.firebase:firebase-appcheck:17.1.2] AndroidManifest.xml:27:17-82
227            <meta-data
227-->[com.google.firebase:firebase-appcheck:17.1.2] AndroidManifest.xml:28:13-30:85
228                android:name="com.google.firebase.components:com.google.firebase.appcheck.FirebaseAppCheckRegistrar"
228-->[com.google.firebase:firebase-appcheck:17.1.2] AndroidManifest.xml:29:17-117
229                android:value="com.google.firebase.components.ComponentRegistrar" />
229-->[com.google.firebase:firebase-appcheck:17.1.2] AndroidManifest.xml:30:17-82
230            <meta-data
230-->[com.google.firebase:firebase-installations:17.2.0] AndroidManifest.xml:15:13-17:85
231                android:name="com.google.firebase.components:com.google.firebase.installations.FirebaseInstallationsKtxRegistrar"
231-->[com.google.firebase:firebase-installations:17.2.0] AndroidManifest.xml:16:17-130
232                android:value="com.google.firebase.components.ComponentRegistrar" />
232-->[com.google.firebase:firebase-installations:17.2.0] AndroidManifest.xml:17:17-82
233            <meta-data
233-->[com.google.firebase:firebase-installations:17.2.0] AndroidManifest.xml:18:13-20:85
234                android:name="com.google.firebase.components:com.google.firebase.installations.FirebaseInstallationsRegistrar"
234-->[com.google.firebase:firebase-installations:17.2.0] AndroidManifest.xml:19:17-127
235                android:value="com.google.firebase.components.ComponentRegistrar" />
235-->[com.google.firebase:firebase-installations:17.2.0] AndroidManifest.xml:20:17-82
236            <meta-data
236-->[com.google.firebase:firebase-common-ktx:20.4.2] AndroidManifest.xml:12:13-14:85
237                android:name="com.google.firebase.components:com.google.firebase.ktx.FirebaseCommonLegacyRegistrar"
237-->[com.google.firebase:firebase-common-ktx:20.4.2] AndroidManifest.xml:13:17-116
238                android:value="com.google.firebase.components.ComponentRegistrar" />
238-->[com.google.firebase:firebase-common-ktx:20.4.2] AndroidManifest.xml:14:17-82
239            <meta-data
239-->[com.google.firebase:firebase-common:20.4.2] AndroidManifest.xml:35:13-37:85
240                android:name="com.google.firebase.components:com.google.firebase.FirebaseCommonKtxRegistrar"
240-->[com.google.firebase:firebase-common:20.4.2] AndroidManifest.xml:36:17-109
241                android:value="com.google.firebase.components.ComponentRegistrar" />
241-->[com.google.firebase:firebase-common:20.4.2] AndroidManifest.xml:37:17-82
242            <meta-data
242-->[com.google.firebase:firebase-datatransport:18.1.7] AndroidManifest.xml:27:13-29:85
243                android:name="com.google.firebase.components:com.google.firebase.datatransport.TransportRegistrar"
243-->[com.google.firebase:firebase-datatransport:18.1.7] AndroidManifest.xml:28:17-115
244                android:value="com.google.firebase.components.ComponentRegistrar" />
244-->[com.google.firebase:firebase-datatransport:18.1.7] AndroidManifest.xml:29:17-82
245        </service>
246
247        <activity
247-->[com.google.firebase:firebase-auth:22.3.1] AndroidManifest.xml:29:9-46:20
248            android:name="com.google.firebase.auth.internal.GenericIdpActivity"
248-->[com.google.firebase:firebase-auth:22.3.1] AndroidManifest.xml:30:13-80
249            android:excludeFromRecents="true"
249-->[com.google.firebase:firebase-auth:22.3.1] AndroidManifest.xml:31:13-46
250            android:exported="true"
250-->[com.google.firebase:firebase-auth:22.3.1] AndroidManifest.xml:32:13-36
251            android:launchMode="singleTask"
251-->[com.google.firebase:firebase-auth:22.3.1] AndroidManifest.xml:33:13-44
252            android:theme="@android:style/Theme.Translucent.NoTitleBar" >
252-->[com.google.firebase:firebase-auth:22.3.1] AndroidManifest.xml:34:13-72
253            <intent-filter>
253-->[com.google.firebase:firebase-auth:22.3.1] AndroidManifest.xml:35:13-45:29
254                <action android:name="android.intent.action.VIEW" />
254-->src\main\AndroidManifest.xml:63:17-69
254-->src\main\AndroidManifest.xml:63:25-66
255
256                <category android:name="android.intent.category.DEFAULT" />
256-->src\main\AndroidManifest.xml:64:17-76
256-->src\main\AndroidManifest.xml:64:27-73
257                <category android:name="android.intent.category.BROWSABLE" />
257-->src\main\AndroidManifest.xml:65:17-78
257-->src\main\AndroidManifest.xml:65:27-75
258
259                <data
259-->src\main\AndroidManifest.xml:66:17-84
260                    android:host="firebase.auth"
260-->src\main\AndroidManifest.xml:66:46-81
261                    android:path="/"
262                    android:scheme="genericidp" />
262-->src\main\AndroidManifest.xml:66:23-45
263            </intent-filter>
264        </activity>
265        <activity
265-->[com.google.firebase:firebase-auth:22.3.1] AndroidManifest.xml:47:9-64:20
266            android:name="com.google.firebase.auth.internal.RecaptchaActivity"
266-->[com.google.firebase:firebase-auth:22.3.1] AndroidManifest.xml:48:13-79
267            android:excludeFromRecents="true"
267-->[com.google.firebase:firebase-auth:22.3.1] AndroidManifest.xml:49:13-46
268            android:exported="true"
268-->[com.google.firebase:firebase-auth:22.3.1] AndroidManifest.xml:50:13-36
269            android:launchMode="singleTask"
269-->[com.google.firebase:firebase-auth:22.3.1] AndroidManifest.xml:51:13-44
270            android:theme="@android:style/Theme.Translucent.NoTitleBar" >
270-->[com.google.firebase:firebase-auth:22.3.1] AndroidManifest.xml:52:13-72
271            <intent-filter>
271-->[com.google.firebase:firebase-auth:22.3.1] AndroidManifest.xml:53:13-63:29
272                <action android:name="android.intent.action.VIEW" />
272-->src\main\AndroidManifest.xml:63:17-69
272-->src\main\AndroidManifest.xml:63:25-66
273
274                <category android:name="android.intent.category.DEFAULT" />
274-->src\main\AndroidManifest.xml:64:17-76
274-->src\main\AndroidManifest.xml:64:27-73
275                <category android:name="android.intent.category.BROWSABLE" />
275-->src\main\AndroidManifest.xml:65:17-78
275-->src\main\AndroidManifest.xml:65:27-75
276
277                <data
277-->src\main\AndroidManifest.xml:66:17-84
278                    android:host="firebase.auth"
278-->src\main\AndroidManifest.xml:66:46-81
279                    android:path="/"
280                    android:scheme="recaptcha" />
280-->src\main\AndroidManifest.xml:66:23-45
281            </intent-filter>
282        </activity>
283
284        <receiver
284-->[com.google.firebase:firebase-messaging:23.4.1] AndroidManifest.xml:29:9-40:20